<?xml version="1.0" encoding="UTF-8"?>
<testsuite xmlns:xsi="http://www.w3.org/2001/XMLSchema-instance" xsi:noNamespaceSchemaLocation="https://maven.apache.org/surefire/maven-surefire-plugin/xsd/surefire-test-report.xsd" version="3.0.2" name="com.example.mongoDB.MongoDbApplicationTests" time="7.094" tests="1" errors="0" skipped="0" failures="0">
  <properties>
[...]
</properties>
  <testcase name="contextLoads" classname="com.example.mongoDB.MongoDbApplicationTests" time="2.77">
    <system-out><![CDATA[25-10-02 18:58:09.630 [main] INFO  o.s.t.c.s.AnnotationConfigContextLoaderUtils - Could not detect default configuration classes for test class [com.example.mongoDB.MongoDbApplicationTests]: MongoDbApplicationTests does not declare any static, non-private, non-final, nested classes annotated with @Configuration. 
25-10-02 18:58:09.820 [main] INFO  o.s.b.t.c.SpringBootTestContextBootstrapper - Found @SpringBootConfiguration com.example.mongoDB.MongoDbApplication for test class com.example.mongoDB.MongoDbApplicationTests 

  .   ____          _            __ _ _
 /\\ / ___'_ __ _ _(_)_ __  __ _ \ \ \ \
( ( )\___ | '_ | '_| | '_ \/ _` | \ \ \ \
 \\/  ___)| |_)| | | | | || (_| |  ) ) ) )
  '  |____| .__|_| |_|_| |_\__, | / / / /
 =========|_|==============|___/=/_/_/_/

 :: Spring Boot ::                (v3.5.6)

25-10-02 18:58:10.276 [main] INFO  c.e.mongoDB.MongoDbApplicationTests - Starting MongoDbApplicationTests using Java 24.0.2 with PID 27840 (started by JagadeeshKotichukkal in C:\Users\JagadeeshKotichukkal\Downloads\mongoDB\mongoDB) 
25-10-02 18:58:10.283 [main] INFO  c.e.mongoDB.MongoDbApplicationTests - No active profile set, falling back to 1 default profile: "default" 
25-10-02 18:58:11.494 [main] INFO  o.s.d.r.c.RepositoryConfigurationDelegate - Bootstrapping Spring Data MongoDB repositories in DEFAULT mode. 
25-10-02 18:58:11.560 [main] INFO  o.s.d.r.c.RepositoryConfigurationDelegate - Finished Spring Data repository scanning in 54 ms. Found 1 MongoDB repository interface. 
25-10-02 18:58:12.180 [main] INFO  org.mongodb.driver.client - MongoClient with metadata {"driver": {"name": "mongo-java-driver|sync|spring-boot", "version": "5.5.1"}, "os": {"type": "Windows", "name": "Windows 11", "architecture": "amd64", "version": "10.0"}, "platform": "Java/Oracle Corporation/24.0.2+12-54"} created with settings MongoClientSettings{readPreference=primary, writeConcern=WriteConcern{w=null, wTimeout=null ms, journal=null}, retryWrites=true, retryReads=true, readConcern=ReadConcern{level=null}, credential=null, transportSettings=null, commandListeners=[io.micrometer.core.instrument.binder.mongodb.MongoMetricsCommandListener@6537ac], codecRegistry=ProvidersCodecRegistry{codecProviders=[ValueCodecProvider{}, BsonValueCodecProvider{}, DBRefCodecProvider{}, DBObjectCodecProvider{}, DocumentCodecProvider{}, CollectionCodecProvider{}, IterableCodecProvider{}, MapCodecProvider{}, GeoJsonCodecProvider{}, GridFSFileCodecProvider{}, Jsr310CodecProvider{}, JsonObjectCodecProvider{}, BsonCodecProvider{}, EnumCodecProvider{}, com.mongodb.client.model.mql.ExpressionCodecProvider@3b218c74, com.mongodb.Jep395RecordCodecProvider@ddffa6c, com.mongodb.KotlinCodecProvider@42c54bad]}, loggerSettings=LoggerSettings{maxDocumentLength=1000}, clusterSettings={hosts=[localhost:27017], srvServiceName=mongodb, mode=SINGLE, requiredClusterType=UNKNOWN, requiredReplicaSetName='null', serverSelector='null', clusterListeners='[]', serverSelectionTimeout='30000 ms', localThreshold='15 ms'}, socketSettings=SocketSettings{connectTimeoutMS=10000, readTimeoutMS=0, receiveBufferSize=0, proxySettings=ProxySettings{host=null, port=null, username=null, password=null}}, heartbeatSocketSettings=SocketSettings{connectTimeoutMS=10000, readTimeoutMS=10000, receiveBufferSize=0, proxySettings=ProxySettings{host=null, port=null, username=null, password=null}}, connectionPoolSettings=ConnectionPoolSettings{maxSize=100, minSize=0, maxWaitTimeMS=120000, maxConnectionLifeTimeMS=0, maxConnectionIdleTimeMS=0, maintenanceInitialDelayMS=0, maintenanceFrequencyMS=60000, connectionPoolListeners=[io.micrometer.core.instrument.binder.mongodb.MongoMetricsConnectionPoolListener@6bb4cc0e], maxConnecting=2}, serverSettings=ServerSettings{heartbeatFrequencyMS=10000, minHeartbeatFrequencyMS=500, serverMonitoringMode=AUTO, serverListeners='[]', serverMonitorListeners='[]'}, sslSettings=SslSettings{enabled=false, invalidHostNameAllowed=false, context=null}, applicationName='null', compressorList=[], uuidRepresentation=JAVA_LEGACY, serverApi=null, autoEncryptionSettings=null, dnsClient=null, inetAddressResolver=null, contextProvider=null, timeoutMS=null} 
25-10-02 18:58:12.227 [cluster-ClusterId{value='68de7dec8a4cfc6c770fa215', description='null'}-localhost:27017] INFO  org.mongodb.driver.cluster - Monitor thread successfully connected to server with description ServerDescription{address=localhost:27017, type=STANDALONE, cryptd=false, state=CONNECTED, ok=true, minWireVersion=0, maxWireVersion=25, maxDocumentSize=16777216, logicalSessionTimeoutMinutes=30, roundTripTimeNanos=29671500, minRoundTripTimeNanos=0} 
25-10-02 18:58:13.374 [main] INFO  o.s.b.a.e.web.EndpointLinksResolver - Exposing 1 endpoint beneath base path '/actuator' 
25-10-02 18:58:13.452 [main] INFO  c.e.mongoDB.MongoDbApplicationTests - Started MongoDbApplicationTests in 3.472 seconds (process running for 4.866) 
]]></system-out>
    <system-err><![CDATA[SLF4J(W): Class path contains multiple SLF4J providers.
SLF4J(W): Found provider [ch.qos.logback.classic.spi.LogbackServiceProvider@bcec361]
SLF4J(W): Found provider [org.apache.logging.slf4j.SLF4JServiceProvider@26794848]
SLF4J(W): See https://www.slf4j.org/codes.html#multiple_bindings for an explanation.
SLF4J(I): Actual provider is of type [ch.qos.logback.classic.spi.LogbackServiceProvider@bcec361]
18:58:10,277 |-WARN in c.q.l.co.rolling.helper.RenameUtil - Failed to rename file [journalApp.log] as [journalApp-25-10-02_18-58-09.0.log].
18:58:10,280 |-WARN in c.q.l.co.rolling.helper.RenameUtil - Please consider leaving the [file] option of RollingFileAppender empty.
18:58:10,280 |-WARN in c.q.l.co.rolling.helper.RenameUtil - See also https://logback.qos.ch/codes.html#renamingError
18:58:11,495 |-WARN in c.q.l.co.rolling.helper.RenameUtil - Failed to rename file [journalApp.log] as [journalApp-25-10-02_18-58-10.0.log].
18:58:11,498 |-WARN in c.q.l.co.rolling.helper.RenameUtil - Please consider leaving the [file] option of RollingFileAppender empty.
18:58:11,498 |-WARN in c.q.l.co.rolling.helper.RenameUtil - See also https://logback.qos.ch/codes.html#renamingError
18:58:12,182 |-WARN in c.q.l.co.rolling.helper.RenameUtil - Failed to rename file [journalApp.log] as [journalApp-25-10-02_18-58-11.0.log].
18:58:12,186 |-WARN in c.q.l.co.rolling.helper.RenameUtil - Please consider leaving the [file] option of RollingFileAppender empty.
18:58:12,186 |-WARN in c.q.l.co.rolling.helper.RenameUtil - See also https://logback.qos.ch/codes.html#renamingError
18:58:13,375 |-WARN in c.q.l.co.rolling.helper.RenameUtil - Failed to rename file [journalApp.log] as [journalApp-25-10-02_18-58-12.0.log].
18:58:13,377 |-WARN in c.q.l.co.rolling.helper.RenameUtil - Please consider leaving the [file] option of RollingFileAppender empty.
18:58:13,377 |-WARN in c.q.l.co.rolling.helper.RenameUtil - See also https://logback.qos.ch/codes.html#renamingError
Mockito is currently self-attaching to enable the inline-mock-maker. This will no longer work in future releases of the JDK. Please add Mockito as an agent to your build as described in Mockito's documentation: https://javadoc.io/doc/org.mockito/mockito-core/latest/org.mockito/org/mockito/Mockito.html#0.3
WARNING: A Java agent has been loaded dynamically (C:\Users\JagadeeshKotichukkal\.m2\repository\net\bytebuddy\byte-buddy-agent\1.17.7\byte-buddy-agent-1.17.7.jar)
WARNING: If a serviceability tool is in use, please run with -XX:+EnableDynamicAgentLoading to hide this warning
WARNING: If a serviceability tool is not in use, please run with -Djdk.instrument.traceUsage for more information
WARNING: Dynamic loading of agents will be disallowed by default in a future release
]]></system-err>
  </testcase>
</testsuite>